<?xml version="1.0" encoding="UTF-8"?>
<!-- Generated by org.testng.reporters.JUnitReportReporter -->
<testsuite skipped="0" hostname="GYAN-LAB-PC3" name="com.TestCase.LoginPageTest" tests="2" failures="0" timestamp="08 Feb 2019 10:21:56 GMT" time="12.817" errors="0">
  <testcase name="CheckTitle" time="1.392" classname="com.TestCase.LoginPageTest"/>
  <testcase name="Login" time="11.425" classname="com.TestCase.LoginPageTest"/>
</testsuite> <!-- com.TestCase.LoginPageTest -->
