<?xml version="1.0" encoding="UTF-8"?>
<!-- Generated by org.testng.reporters.JUnitReportReporter -->
<testsuite skipped="0" hostname="GYAN-LAB-PC3" name="com.TestCase.LoginPageTest" tests="2" failures="0" timestamp="09 Feb 2019 10:12:10 GMT" time="15.075" errors="0">
  <testcase name="CheckTitle" time="2.745" classname="com.TestCase.LoginPageTest"/>
  <testcase name="Login" time="12.330" classname="com.TestCase.LoginPageTest"/>
</testsuite> <!-- com.TestCase.LoginPageTest -->
